
> feasibility-server@1.0.0 dev
> tsx watch src/index.ts

Oracle connection pool created successfully.
Feasibility API running on http://localhost:4000
12:02:45 PM [tsx] change in ./src\db\index.ts Restarting...112:03:12 PM [tsx] change in ./src\index.ts Rerunning...Oracle connection pool created successfully.
11:08:41 PM [tsx] change in ./src\routes\auth.routes.ts Rerunning...
c11:10:57 PM [tsx] change in ./src\controllers\collections-forecast.controller.ts Rerunning...
cOracle connection pool created successfully.
11:13:19 PM [tsx] change in ./src\repositories\feasibility-relational.repository.ts Rerunning...
cOracle connection pool created successfully.
11:19:20 PM [tsx] change in ./src\services\auth.service.ts Rerunning...
cOracle connection pool created successfully.
11:19:28 PM [tsx] change in ./src\services\auth.service.ts Restarting...
cOracle connection pool created successfully.
11:20:56 PM [tsx] change in ./src\services\auth.service.ts Rerunning...
cOracle connection pool created successfully.
11:21:14 PM [tsx] change in ./src\services\auth.service.ts Rerunning...
c11:21:14 PM [tsx] change in ./src\services\auth.service.ts Restarting...
cOracle connection pool created successfully.
pository.ts Restarting...
cOracle connection pool created successfully.
11:19:20 PM [tsx] change in ./src\services\auth.service.ts Rerunning...
cOracle connection pool created successfully.
11:19:28 PM [tsx] change in ./src\services\auth.service.ts Restarting...
cOracle connection pool created successfully.
11:20:56 PM [tsx] change in ./src\services\auth.service.ts Rerunning...
cOracle connection pool created successfully.
11:21:14 PM [tsx] change in ./src\services\auth.service.ts Rerunning...
c11:21:14 PM [tsx] change in ./src\services\auth.service.ts Restarting...
cOracle connection pool created successfully.
Feasibility API running on http://localhost:4000
