Startup failed: TypeError: db.initialize is not a function
    at start (C:\Users\Shuja\Desktop\Project-Feasibility\server\src\index.ts:27:12)
    at <anonymous> (C:\Users\Shuja\Desktop\Project-Feasibility\server\src\index.ts:77:1)
    at ModuleJob.run (node:internal/modules/esm/module_job:343:25)
    at async onImport.tracePromise.__proto__ (node:internal/modules/esm/loader:665:26)
    at async asyncRunEntryPointWithESMLoader (node:internal/modules/run_main:117:5)
FATAL: JWT_SECRET environment variable must be set and at least 32 characters long.
Generate one with: node -e "console.log(require('crypto').randomBytes(32).toString('hex'))"
node:events:497
      throw er; // Unhandled 'error' event
      ^

Error: listen EADDRINUSE: address already in use :::4000
    at Server.setupListenHandle [as _listen2] (node:net:1940:16)
    at listenInCluster (node:net:1997:12)
    at Server.listen (node:net:2102:7)
    at Function.listen (C:\Users\Shuja\Desktop\Project-Feasibility\node_modules\express\lib\application.js:635:24)
    at start (C:\Users\Shuja\Desktop\Project-Feasibility\server\src\index.ts:72:7)
    at process.processTicksAndRejections (node:internal/process/task_queues:103:5)
Emitted 'error' event on Server instance at:
    at emitErrorNT (node:net:1976:8)
    at process.processTicksAndRejections (node:internal/process/task_queues:89:21) {
  code: 'EADDRINUSE',
  errno: -4091,
  syscall: 'listen',
  address: '::',
  port: 4000
}

Node.js v22.22.1
Startup failed: Error: ORA-00001: unique constraint (CMS_TEST.SYS_C00912071) violated
Help: https://docs.oracle.com/error-help/db/ora-00001/
    at Protocol._processMessage (C:\Users\Shuja\Desktop\Project-Feasibility\node_modules\oracledb\lib\thin\protocol\protocol.js:204:17)
    at process.processTicksAndRejections (node:internal/process/task_queues:103:5)
    at async ThinConnectionImpl._execute (C:\Users\Shuja\Desktop\Project-Feasibility\node_modules\oracledb\lib\thin\connection.js:225:7)
    at async ThinConnectionImpl.execute (C:\Users\Shuja\Desktop\Project-Feasibility\node_modules\oracledb\lib\thin\connection.js:1109:14)
    at async Connection.execute (C:\Users\Shuja\Desktop\Project-Feasibility\node_modules\oracledb\lib\connection.js:1002:16)
    at async Connection.execute (C:\Users\Shuja\Desktop\Project-Feasibility\node_modules\oracledb\lib\util.js:298:16)
    at async OracleAdapter.insertReturning (C:\Users\Shuja\Desktop\Project-Feasibility\server\src\db\adapters\oracle.adapter.ts:388:22)
    at async UserRepository.create (C:\Users\Shuja\Desktop\Project-Feasibility\server\src\repositories\user.repository.ts:30:20)
    at async AuthService.seedDefaultUser (C:\Users\Shuja\Desktop\Project-Feasibility\server\src\services\auth.service.ts:62:7)
    at async start (C:\Users\Shuja\Desktop\Project-Feasibility\server\src\index.ts:60:3) {
  offset: 0,
  errorNum: 1,
  isRecoverable: false,
  code: 'ORA-00001'
}
node:events:497
      throw er; // Unhandled 'error' event
      ^

Error: listen EADDRINUSE: address already in use :::4000
    at Server.setupListenHandle [as _listen2] (node:net:1940:16)
    at listenInCluster (node:net:1997:12)
    at Server.listen (node:net:2102:7)
    at Function.listen (C:\Users\Shuja\Desktop\Project-Feasibility\node_modules\express\lib\application.js:635:24)
    at start (C:\Users\Shuja\Desktop\Project-Feasibility\server\src\index.ts:72:7)
    at process.processTicksAndRejections (node:internal/process/task_queues:103:5)
Emitted 'error' event on Server instance at:
    at emitErrorNT (node:net:1976:8)
    at process.processTicksAndRejections (node:internal/process/task_queues:89:21) {
  code: 'EADDRINUSE',
  errno: -4091,
  syscall: 'listen',
  address: '::',
  port: 4000
}

Node.js v22.22.1
 {
  offset: 0,
  errorNum: 1,
  isRecoverable: false,
  code: 'ORA-00001'
}
node:events:497
      throw er; // Unhandled 'error' event
      ^

Error: listen EADDRINUSE: address already in use :::4000
    at Server.setupListenHandle [as _listen2] (node:net:1940:16)
    at listenInCluster (node:net:1997:12)
    at Server.listen (node:net:2102:7)
    at Function.listen (C:\Users\Shuja\Desktop\Project-Feasibility\node_modules\express\lib\application.js:635:24)
    at start (C:\Users\Shuja\Desktop\Project-Feasibility\server\src\index.ts:72:7)
    at process.processTicksAndRejections (node:internal/process/task_queues:103:5)
Emitted 'error' event on Server instance at:
    at emitErrorNT (node:net:1976:8)
    at process.processTicksAndRejections (node:internal/process/task_queues:89:21) {
  code: 'EADDRINUSE',
  errno: -4091,
  syscall: 'listen',
  address: '::',
  port: 4000
}

Node.js v22.22.1
Startup failed: Error: ORA-00001: unique constraint (CMS_TEST.SYS_C00912071) violated
Help: https://docs.oracle.com/error-help/db/ora-00001/
    at Protocol._processMessage (C:\Users\Shuja\Desktop\Project-Feasibility\node_modules\oracledb\lib\thin\protocol\protocol.js:204:17)
    at process.processTicksAndRejections (node:internal/process/task_queues:103:5)
    at async ThinConnectionImpl._execute (C:\Users\Shuja\Desktop\Project-Feasibility\node_modules\oracledb\lib\thin\connection.js:225:7)
    at async ThinConnectionImpl.execute (C:\Users\Shuja\Desktop\Project-Feasibility\node_modules\oracledb\lib\thin\connection.js:1109:14)
    at async Connection.execute (C:\Users\Shuja\Desktop\Project-Feasibility\node_modules\oracledb\lib\connection.js:1002:16)
    at async Connection.execute (C:\Users\Shuja\Desktop\Project-Feasibility\node_modules\oracledb\lib\util.js:298:16)
    at async OracleAdapter.insertReturning (C:\Users\Shuja\Desktop\Project-Feasibility\server\src\db\adapters\oracle.adapter.ts:388:22)
    at async UserRepository.create (C:\Users\Shuja\Desktop\Project-Feasibility\server\src\repositories\user.repository.ts:30:20)
    at async AuthService.seedDefaultUser (C:\Users\Shuja\Desktop\Project-Feasibility\server\src\services\auth.service.ts:62:7)
    at async start (C:\Users\Shuja\Desktop\Project-Feasibility\server\src\index.ts:60:3) {
  offset: 0,
  errorNum: 1,
  isRecoverable: false,
  code: 'ORA-00001'
}
node:events:497
      throw er; // Unhandled 'error' event
      ^

Error: listen EADDRINUSE: address already in use :::4000
    at Server.setupListenHandle [as _listen2] (node:net:1940:16)
    at listenInCluster (node:net:1997:12)
    at Server.listen (node:net:2102:7)
    at Function.listen (C:\Users\Shuja\Desktop\Project-Feasibility\node_modules\express\lib\application.js:635:24)
    at start (C:\Users\Shuja\Desktop\Project-Feasibility\server\src\index.ts:72:7)
    at process.processTicksAndRejections (node:internal/process/task_queues:103:5)
Emitted 'error' event on Server instance at:
    at emitErrorNT (node:net:1976:8)
    at process.processTicksAndRejections (node:internal/process/task_queues:89:21) {
  code: 'EADDRINUSE',
  errno: -4091,
  syscall: 'listen',
  address: '::',
  port: 4000
}

Node.js v22.22.1
node:events:497
      throw er; // Unhandled 'error' event
      ^

Error: listen EADDRINUSE: address already in use :::4000
    at Server.setupListenHandle [as _listen2] (node:net:1940:16)
    at listenInCluster (node:net:1997:12)
    at Server.listen (node:net:2102:7)
    at Function.listen (C:\Users\Shuja\Desktop\Project-Feasibility\node_modules\express\lib\application.js:635:24)
    at start (C:\Users\Shuja\Desktop\Project-Feasibility\server\src\index.ts:72:7)
    at process.processTicksAndRejections (node:internal/process/task_queues:103:5)
Emitted 'error' event on Server instance at:
    at emitErrorNT (node:net:1976:8)
    at process.processTicksAndRejections (node:internal/process/task_queues:89:21) {
  code: 'EADDRINUSE',
  errno: -4091,
  syscall: 'listen',
  address: '::',
  port: 4000
}

Node.js v22.22.1
